<?xml version="1.0" encoding="UTF-8"?>
<testsuite xmlns:xsi="http://www.w3.org/2001/XMLSchema-instance" xsi:noNamespaceSchemaLocation="https://maven.apache.org/surefire/maven-surefire-plugin/xsd/surefire-test-report.xsd" name="fr.epita.assistant.seq.ExtendedStreamTest" time="0.091" tests="13" errors="7" skipped="0" failures="1">
  <properties>
    <property name="java.specification.version" value="17"/>
    <property name="sun.jnu.encoding" value="ANSI_X3.4-1968"/>
    <property name="java.class.path" value="/home/aphtasik/Document/Java/alexandre.gautier-java-2024/d3/target/test-classes:/home/aphtasik/Document/Java/alexandre.gautier-java-2024/d3/target/classes:/home/aphtasik/.m2/repository/org/junit/jupiter/junit-jupiter/5.8.2/junit-jupiter-5.8.2.jar:/home/aphtasik/.m2/repository/org/junit/jupiter/junit-jupiter-api/5.8.2/junit-jupiter-api-5.8.2.jar:/home/aphtasik/.m2/repository/org/opentest4j/opentest4j/1.2.0/opentest4j-1.2.0.jar:/home/aphtasik/.m2/repository/org/junit/platform/junit-platform-commons/1.8.2/junit-platform-commons-1.8.2.jar:/home/aphtasik/.m2/repository/org/apiguardian/apiguardian-api/1.1.2/apiguardian-api-1.1.2.jar:/home/aphtasik/.m2/repository/org/junit/jupiter/junit-jupiter-params/5.8.2/junit-jupiter-params-5.8.2.jar:/home/aphtasik/.m2/repository/org/junit/jupiter/junit-jupiter-engine/5.8.2/junit-jupiter-engine-5.8.2.jar:/home/aphtasik/.m2/repository/org/junit/platform/junit-platform-engine/1.8.2/junit-platform-engine-1.8.2.jar:"/>
    <property name="java.vm.vendor" value="Oracle Corporation"/>
    <property name="sun.arch.data.model" value="64"/>
    <property name="java.vendor.url" value="https://openjdk.java.net/"/>
    <property name="os.name" value="Linux"/>
    <property name="java.vm.specification.version" value="17"/>
    <property name="sun.java.launcher" value="SUN_STANDARD"/>
    <property name="user.country" value="US"/>
    <property name="sun.boot.library.path" value="/usr/lib/jvm/java-17-openjdk/lib"/>
    <property name="sun.java.command" value="/home/aphtasik/Document/Java/alexandre.gautier-java-2024/d3/target/surefire/surefirebooter11993559800254228678.jar /home/aphtasik/Document/Java/alexandre.gautier-java-2024/d3/target/surefire 2022-01-26T23-21-28_505-jvmRun1 surefire4889902677022130218tmp surefire_07222281334593231449tmp"/>
    <property name="jdk.debug" value="release"/>
    <property name="surefire.test.class.path" value="/home/aphtasik/Document/Java/alexandre.gautier-java-2024/d3/target/test-classes:/home/aphtasik/Document/Java/alexandre.gautier-java-2024/d3/target/classes:/home/aphtasik/.m2/repository/org/junit/jupiter/junit-jupiter/5.8.2/junit-jupiter-5.8.2.jar:/home/aphtasik/.m2/repository/org/junit/jupiter/junit-jupiter-api/5.8.2/junit-jupiter-api-5.8.2.jar:/home/aphtasik/.m2/repository/org/opentest4j/opentest4j/1.2.0/opentest4j-1.2.0.jar:/home/aphtasik/.m2/repository/org/junit/platform/junit-platform-commons/1.8.2/junit-platform-commons-1.8.2.jar:/home/aphtasik/.m2/repository/org/apiguardian/apiguardian-api/1.1.2/apiguardian-api-1.1.2.jar:/home/aphtasik/.m2/repository/org/junit/jupiter/junit-jupiter-params/5.8.2/junit-jupiter-params-5.8.2.jar:/home/aphtasik/.m2/repository/org/junit/jupiter/junit-jupiter-engine/5.8.2/junit-jupiter-engine-5.8.2.jar:/home/aphtasik/.m2/repository/org/junit/platform/junit-platform-engine/1.8.2/junit-platform-engine-1.8.2.jar:"/>
    <property name="sun.cpu.endian" value="little"/>
    <property name="user.home" value="/home/aphtasik"/>
    <property name="user.language" value="en"/>
    <property name="java.specification.vendor" value="Oracle Corporation"/>
    <property name="java.version.date" value="2021-10-19"/>
    <property name="java.home" value="/usr/lib/jvm/java-17-openjdk"/>
    <property name="file.separator" value="/"/>
    <property name="basedir" value="/home/aphtasik/Document/Java/alexandre.gautier-java-2024/d3"/>
    <property name="java.vm.compressedOopsMode" value="32-bit"/>
    <property name="line.separator" value="&#10;"/>
    <property name="java.vm.specification.vendor" value="Oracle Corporation"/>
    <property name="java.specification.name" value="Java Platform API Specification"/>
    <property name="surefire.real.class.path" value="/home/aphtasik/Document/Java/alexandre.gautier-java-2024/d3/target/surefire/surefirebooter11993559800254228678.jar"/>
    <property name="sun.management.compiler" value="HotSpot 64-Bit Tiered Compilers"/>
    <property name="java.runtime.version" value="17.0.1+12"/>
    <property name="user.name" value="aphtasik"/>
    <property name="path.separator" value=":"/>
    <property name="os.version" value="5.16.2-arch1-1"/>
    <property name="java.runtime.name" value="OpenJDK Runtime Environment"/>
    <property name="file.encoding" value="ANSI_X3.4-1968"/>
    <property name="java.vm.name" value="OpenJDK 64-Bit Server VM"/>
    <property name="localRepository" value="/home/aphtasik/.m2/repository"/>
    <property name="java.vendor.url.bug" value="https://bugreport.java.com/bugreport/"/>
    <property name="java.io.tmpdir" value="/tmp"/>
    <property name="idea.version" value="2021.3.1"/>
    <property name="java.version" value="17.0.1"/>
    <property name="user.dir" value="/home/aphtasik/Document/Java/alexandre.gautier-java-2024/d3"/>
    <property name="os.arch" value="amd64"/>
    <property name="java.vm.specification.name" value="Java Virtual Machine Specification"/>
    <property name="native.encoding" value="ANSI_X3.4-1968"/>
    <property name="java.library.path" value="/usr/java/packages/lib:/usr/lib64:/lib64:/lib:/usr/lib"/>
    <property name="java.vm.info" value="mixed mode"/>
    <property name="java.vendor" value="N/A"/>
    <property name="java.vm.version" value="17.0.1+12"/>
    <property name="sun.io.unicode.encoding" value="UnicodeLittle"/>
    <property name="java.class.version" value="61.0"/>
  </properties>
  <testcase name="toSetWithSet" classname="fr.epita.assistant.seq.ExtendedStreamTest" time="0.021"/>
  <testcase name="toMapKey" classname="fr.epita.assistant.seq.ExtendedStreamTest" time="0.008">
    <error message="Cannot invoke &quot;java.util.Map.size()&quot; because &quot;map&quot; is null" type="java.lang.NullPointerException">java.lang.NullPointerException: Cannot invoke "java.util.Map.size()" because "map" is null
	at fr.epita.assistant.seq.ExtendedStreamTest.lambda$toMapKey$3(ExtendedStreamTest.java:76)
</error>
  </testcase>
  <testcase name="partition" classname="fr.epita.assistant.seq.ExtendedStreamTest" time="0.003">
    <error message="Cannot invoke &quot;fr.epita.assistant.seq.ExtendedStream.plus(java.util.stream.Stream)&quot; because &quot;l.second&quot; is null" type="java.lang.NullPointerException">java.lang.NullPointerException: Cannot invoke "fr.epita.assistant.seq.ExtendedStream.plus(java.util.stream.Stream)" because "l.second" is null
	at fr.epita.assistant.seq.ExtendedStreamTest.lambda$partition$14(ExtendedStreamTest.java:199)
</error>
  </testcase>
  <testcase name="toMapKeyValueMap" classname="fr.epita.assistant.seq.ExtendedStreamTest" time="0.003">
    <error message="Cannot invoke &quot;java.util.Map.size()&quot; because &quot;map&quot; is null" type="java.lang.NullPointerException">java.lang.NullPointerException: Cannot invoke "java.util.Map.size()" because "map" is null
	at fr.epita.assistant.seq.ExtendedStreamTest.lambda$toMapKeyValueMap$2(ExtendedStreamTest.java:63)
</error>
  </testcase>
  <testcase name="toMapKeyValue" classname="fr.epita.assistant.seq.ExtendedStreamTest" time="0.005">
    <error message="Cannot invoke &quot;java.util.Map.size()&quot; because &quot;map&quot; is null" type="java.lang.NullPointerException">java.lang.NullPointerException: Cannot invoke "java.util.Map.size()" because "map" is null
	at fr.epita.assistant.seq.ExtendedStreamTest.lambda$toMapKeyValue$0(ExtendedStreamTest.java:49)
</error>
  </testcase>
  <testcase name="toList" classname="fr.epita.assistant.seq.ExtendedStreamTest" time="0.003"/>
  <testcase name="toListWithList" classname="fr.epita.assistant.seq.ExtendedStreamTest" time="0.006"/>
  <testcase name="associateWithSupplier" classname="fr.epita.assistant.seq.ExtendedStreamTest" time="0.001">
    <error message="Cannot invoke &quot;fr.epita.assistant.seq.ExtendedStream.toList()&quot; because the return value of &quot;fr.epita.assistant.seq.ExtendedStream.associate(java.util.function.Supplier)&quot; is null" type="java.lang.NullPointerException">java.lang.NullPointerException: Cannot invoke "fr.epita.assistant.seq.ExtendedStream.toList()" because the return value of "fr.epita.assistant.seq.ExtendedStream.associate(java.util.function.Supplier)" is null
	at fr.epita.assistant.seq.ExtendedStreamTest.lambda$associateWithSupplier$8(ExtendedStreamTest.java:147)
</error>
  </testcase>
  <testcase name="join" classname="fr.epita.assistant.seq.ExtendedStreamTest" time="0.002"/>
  <testcase name="plus" classname="fr.epita.assistant.seq.ExtendedStreamTest" time="0.002">
    <error message="Cannot invoke &quot;fr.epita.assistant.seq.ExtendedStream.join()&quot; because &quot;es&quot; is null" type="java.lang.NullPointerException">java.lang.NullPointerException: Cannot invoke "fr.epita.assistant.seq.ExtendedStream.join()" because "es" is null
	at fr.epita.assistant.seq.ExtendedStreamTest.lambda$plus$10(ExtendedStreamTest.java:175)
</error>
  </testcase>
  <testcase name="toSet" classname="fr.epita.assistant.seq.ExtendedStreamTest" time="0.001"/>
  <testcase name="associateWithStream" classname="fr.epita.assistant.seq.ExtendedStreamTest" time="0.002">
    <error message="Cannot invoke &quot;fr.epita.assistant.seq.ExtendedStream.toList()&quot; because the return value of &quot;fr.epita.assistant.seq.ExtendedStream.associate(java.util.stream.Stream)&quot; is null" type="java.lang.NullPointerException">java.lang.NullPointerException: Cannot invoke "fr.epita.assistant.seq.ExtendedStream.toList()" because the return value of "fr.epita.assistant.seq.ExtendedStream.associate(java.util.stream.Stream)" is null
	at fr.epita.assistant.seq.ExtendedStreamTest.lambda$associateWithStream$9(ExtendedStreamTest.java:162)
</error>
  </testcase>
  <testcase name="joinWithDelimiter" classname="fr.epita.assistant.seq.ExtendedStreamTest" time="0.002">
    <failure message="expected: &lt;a-b-c-d-e-f&gt; but was: &lt;a-b-c-d-e-f-&gt;" type="org.opentest4j.AssertionFailedError"><![CDATA[org.opentest4j.AssertionFailedError: expected: <a-b-c-d-e-f> but was: <a-b-c-d-e-f->
	at fr.epita.assistant.seq.ExtendedStreamTest.lambda$joinWithDelimiter$12(ExtendedStreamTest.java:191)
]]></failure>
  </testcase>
</testsuite>