<?xml version="1.0" encoding="UTF-8"?>
<testsuite xmlns:xsi="http://www.w3.org/2001/XMLSchema-instance" xsi:noNamespaceSchemaLocation="https://maven.apache.org/surefire/maven-surefire-plugin/xsd/surefire-test-report.xsd" name="fr.epita.assistant.seq.ExtendedStreamTest" time="0.077" tests="13" errors="0" skipped="0" failures="0">
  <properties>
    <property name="java.specification.version" value="17"/>
    <property name="sun.jnu.encoding" value="ANSI_X3.4-1968"/>
    <property name="java.class.path" value="/home/aphtasik/Document/Java/alexandre.gautier-java-2024/d3/target/test-classes:/home/aphtasik/Document/Java/alexandre.gautier-java-2024/d3/target/classes:/home/aphtasik/.m2/repository/org/junit/jupiter/junit-jupiter/5.8.2/junit-jupiter-5.8.2.jar:/home/aphtasik/.m2/repository/org/junit/jupiter/junit-jupiter-api/5.8.2/junit-jupiter-api-5.8.2.jar:/home/aphtasik/.m2/repository/org/opentest4j/opentest4j/1.2.0/opentest4j-1.2.0.jar:/home/aphtasik/.m2/repository/org/junit/platform/junit-platform-commons/1.8.2/junit-platform-commons-1.8.2.jar:/home/aphtasik/.m2/repository/org/apiguardian/apiguardian-api/1.1.2/apiguardian-api-1.1.2.jar:/home/aphtasik/.m2/repository/org/junit/jupiter/junit-jupiter-params/5.8.2/junit-jupiter-params-5.8.2.jar:/home/aphtasik/.m2/repository/org/junit/jupiter/junit-jupiter-engine/5.8.2/junit-jupiter-engine-5.8.2.jar:/home/aphtasik/.m2/repository/org/junit/platform/junit-platform-engine/1.8.2/junit-platform-engine-1.8.2.jar:"/>
    <property name="java.vm.vendor" value="Oracle Corporation"/>
    <property name="sun.arch.data.model" value="64"/>
    <property name="java.vendor.url" value="https://openjdk.java.net/"/>
    <property name="os.name" value="Linux"/>
    <property name="java.vm.specification.version" value="17"/>
    <property name="sun.java.launcher" value="SUN_STANDARD"/>
    <property name="user.country" value="US"/>
    <property name="sun.boot.library.path" value="/usr/lib/jvm/java-17-openjdk/lib"/>
    <property name="sun.java.command" value="/home/aphtasik/Document/Java/alexandre.gautier-java-2024/d3/target/surefire/surefirebooter6195492561205965890.jar /home/aphtasik/Document/Java/alexandre.gautier-java-2024/d3/target/surefire 2022-01-27T02-59-14_320-jvmRun1 surefire8968872590038544645tmp surefire_011470739638542025051tmp"/>
    <property name="jdk.debug" value="release"/>
    <property name="surefire.test.class.path" value="/home/aphtasik/Document/Java/alexandre.gautier-java-2024/d3/target/test-classes:/home/aphtasik/Document/Java/alexandre.gautier-java-2024/d3/target/classes:/home/aphtasik/.m2/repository/org/junit/jupiter/junit-jupiter/5.8.2/junit-jupiter-5.8.2.jar:/home/aphtasik/.m2/repository/org/junit/jupiter/junit-jupiter-api/5.8.2/junit-jupiter-api-5.8.2.jar:/home/aphtasik/.m2/repository/org/opentest4j/opentest4j/1.2.0/opentest4j-1.2.0.jar:/home/aphtasik/.m2/repository/org/junit/platform/junit-platform-commons/1.8.2/junit-platform-commons-1.8.2.jar:/home/aphtasik/.m2/repository/org/apiguardian/apiguardian-api/1.1.2/apiguardian-api-1.1.2.jar:/home/aphtasik/.m2/repository/org/junit/jupiter/junit-jupiter-params/5.8.2/junit-jupiter-params-5.8.2.jar:/home/aphtasik/.m2/repository/org/junit/jupiter/junit-jupiter-engine/5.8.2/junit-jupiter-engine-5.8.2.jar:/home/aphtasik/.m2/repository/org/junit/platform/junit-platform-engine/1.8.2/junit-platform-engine-1.8.2.jar:"/>
    <property name="sun.cpu.endian" value="little"/>
    <property name="user.home" value="/home/aphtasik"/>
    <property name="user.language" value="en"/>
    <property name="java.specification.vendor" value="Oracle Corporation"/>
    <property name="java.version.date" value="2021-10-19"/>
    <property name="java.home" value="/usr/lib/jvm/java-17-openjdk"/>
    <property name="file.separator" value="/"/>
    <property name="basedir" value="/home/aphtasik/Document/Java/alexandre.gautier-java-2024/d3"/>
    <property name="java.vm.compressedOopsMode" value="32-bit"/>
    <property name="line.separator" value="&#10;"/>
    <property name="java.vm.specification.vendor" value="Oracle Corporation"/>
    <property name="java.specification.name" value="Java Platform API Specification"/>
    <property name="surefire.real.class.path" value="/home/aphtasik/Document/Java/alexandre.gautier-java-2024/d3/target/surefire/surefirebooter6195492561205965890.jar"/>
    <property name="sun.management.compiler" value="HotSpot 64-Bit Tiered Compilers"/>
    <property name="java.runtime.version" value="17.0.1+12"/>
    <property name="user.name" value="aphtasik"/>
    <property name="path.separator" value=":"/>
    <property name="os.version" value="5.16.2-arch1-1"/>
    <property name="java.runtime.name" value="OpenJDK Runtime Environment"/>
    <property name="file.encoding" value="ANSI_X3.4-1968"/>
    <property name="java.vm.name" value="OpenJDK 64-Bit Server VM"/>
    <property name="localRepository" value="/home/aphtasik/.m2/repository"/>
    <property name="java.vendor.url.bug" value="https://bugreport.java.com/bugreport/"/>
    <property name="java.io.tmpdir" value="/tmp"/>
    <property name="idea.version" value="2021.3.1"/>
    <property name="java.version" value="17.0.1"/>
    <property name="user.dir" value="/home/aphtasik/Document/Java/alexandre.gautier-java-2024/d3"/>
    <property name="os.arch" value="amd64"/>
    <property name="java.vm.specification.name" value="Java Virtual Machine Specification"/>
    <property name="native.encoding" value="ANSI_X3.4-1968"/>
    <property name="java.library.path" value="/usr/java/packages/lib:/usr/lib64:/lib64:/lib:/usr/lib"/>
    <property name="java.vm.info" value="mixed mode"/>
    <property name="java.vendor" value="N/A"/>
    <property name="java.vm.version" value="17.0.1+12"/>
    <property name="sun.io.unicode.encoding" value="UnicodeLittle"/>
    <property name="java.class.version" value="61.0"/>
  </properties>
  <testcase name="toSetWithSet" classname="fr.epita.assistant.seq.ExtendedStreamTest" time="0.027"/>
  <testcase name="toMapKey" classname="fr.epita.assistant.seq.ExtendedStreamTest" time="0.003"/>
  <testcase name="partition" classname="fr.epita.assistant.seq.ExtendedStreamTest" time="0.007"/>
  <testcase name="toMapKeyValueMap" classname="fr.epita.assistant.seq.ExtendedStreamTest" time="0.003"/>
  <testcase name="toMapKeyValue" classname="fr.epita.assistant.seq.ExtendedStreamTest" time="0.003"/>
  <testcase name="toList" classname="fr.epita.assistant.seq.ExtendedStreamTest" time="0.002"/>
  <testcase name="toListWithList" classname="fr.epita.assistant.seq.ExtendedStreamTest" time="0.001"/>
  <testcase name="associateWithSupplier" classname="fr.epita.assistant.seq.ExtendedStreamTest" time="0.003"/>
  <testcase name="join" classname="fr.epita.assistant.seq.ExtendedStreamTest" time="0.001"/>
  <testcase name="plus" classname="fr.epita.assistant.seq.ExtendedStreamTest" time="0.002"/>
  <testcase name="toSet" classname="fr.epita.assistant.seq.ExtendedStreamTest" time="0.002"/>
  <testcase name="associateWithStream" classname="fr.epita.assistant.seq.ExtendedStreamTest" time="0.001"/>
  <testcase name="joinWithDelimiter" classname="fr.epita.assistant.seq.ExtendedStreamTest" time="0.003"/>
</testsuite>